<?xml version="1.0" encoding="UTF-8"?>
<testsuite xmlns:xsi="http://www.w3.org/2001/XMLSchema-instance" xsi:noNamespaceSchemaLocation="https://maven.apache.org/surefire/maven-surefire-plugin/xsd/surefire-test-report-3.0.xsd" version="3.0" name="com.syntaxerror.biblioteca.bibliows.PersonaWSTest" time="1.222" tests="1" errors="0" skipped="0" failures="0">
  <properties>
[...]
</properties>
  <testcase name="testListarPersonas" classname="com.syntaxerror.biblioteca.bibliows.PersonaWSTest" time="1.19">
    <system-out><![CDATA[listarPersonas
carlosr.admin@myholylib.edu.pe
]]></system-out>
  </testcase>
</testsuite>