<?xml version="1.0" encoding="UTF-8"?>
<testsuite xmlns:xsi="http://www.w3.org/2001/XMLSchema-instance" xsi:noNamespaceSchemaLocation="https://maven.apache.org/surefire/maven-surefire-plugin/xsd/surefire-test-report-3.0.xsd" version="3.0" name="com.syntaxerror.biblioteca.bibliows.PersonaWSTest" time="1.246" tests="1" errors="1" skipped="0" failures="0">
  <properties>
[...]
</properties>
  <testcase name="testListarPersonas" classname="com.syntaxerror.biblioteca.bibliows.PersonaWSTest" time="1.223">
    <error message="Error al listar personas: Name is null" type="jakarta.xml.ws.WebServiceException"><![CDATA[jakarta.xml.ws.WebServiceException: Error al listar personas: Name is null
	at com.syntaxerror.biblioteca.bibliows.PersonaWS.listarPersonas(PersonaWS.java:32)
	at com.syntaxerror.biblioteca.bibliows.PersonaWSTest.testListarPersonas(PersonaWSTest.java:52)
	at java.base/java.lang.reflect.Method.invoke(Method.java:580)
	at java.base/java.util.ArrayList.forEach(ArrayList.java:1597)
	at java.base/java.util.ArrayList.forEach(ArrayList.java:1597)
]]></error>
    <system-out><![CDATA[listarPersonas
]]></system-out>
  </testcase>
</testsuite>